2024-06-25 20:06:456 INFO  HomePage :20 - Get computers text[[ChromeDriver: chrome on windows (7810b8cf46f492fe86f0f483bbc7f313)] -> link text: Computers]
2024-06-25 20:06:287 INFO  HomePage :25 - Click on desktop[[ChromeDriver: chrome on windows (2947440b4ec89c289dfc755cad1df8df)] -> xpath: //a[text()=' Desktops ']]
2024-06-25 20:06:335 INFO  HomePage :21 - Get desktop text[[ChromeDriver: chrome on windows (2947440b4ec89c289dfc755cad1df8df)] -> link text: Desktops]
2024-06-25 20:06:974 INFO  HomePage :25 - Click on desktop[[ChromeDriver: chrome on windows (d381c661b12c197246c20358e94f60de)] -> xpath: //a[text()=' Desktops ']]
2024-06-25 20:06:00 INFO  HomePage :27 - Clicking on build your own computer link : [[ChromeDriver: chrome on windows (d381c661b12c197246c20358e94f60de)] -> link text: Build your own computer]
2024-06-25 20:06:137 INFO  BuildYourOwnComputerPage :41 - Select Processor[[ChromeDriver: chrome on windows (d381c661b12c197246c20358e94f60de)] -> id: product_attribute_1]
2024-06-25 20:06:261 INFO  BuildYourOwnComputerPage :47 - Select ram[[ChromeDriver: chrome on windows (d381c661b12c197246c20358e94f60de)] -> id: product_attribute_2]
2024-06-25 20:06:263 INFO  BuildYourOwnComputerPage :63 - Select HDD
2024-06-25 20:06:336 INFO  BuildYourOwnComputerPage :68 - Select OS
2024-06-25 20:06:400 INFO  BuildYourOwnComputerPage :73 - Select Software
2024-06-25 20:06:529 INFO  BuildYourOwnComputerPage :52 - Clicking on add to cart button : [[ChromeDriver: chrome on windows (d381c661b12c197246c20358e94f60de)] -> id: add-to-cart-button-1]
2024-06-25 20:06:865 INFO  BuildYourOwnComputerPage :57 - Get add to cart text[[ChromeDriver: chrome on windows (d381c661b12c197246c20358e94f60de)] -> xpath: //body/div[@id='bar-notification']/div[1]/p[1]]
2024-06-25 20:06:917 INFO  HomePage :25 - Click on desktop[[ChromeDriver: chrome on windows (44ef9945c10ce0bdad336f6520463b42)] -> xpath: //a[text()=' Desktops ']]
2024-06-25 20:06:853 INFO  HomePage :27 - Clicking on build your own computer link : [[ChromeDriver: chrome on windows (44ef9945c10ce0bdad336f6520463b42)] -> link text: Build your own computer]
2024-06-25 20:06:949 INFO  BuildYourOwnComputerPage :41 - Select Processor[[ChromeDriver: chrome on windows (44ef9945c10ce0bdad336f6520463b42)] -> id: product_attribute_1]
2024-06-25 20:06:75 INFO  BuildYourOwnComputerPage :47 - Select ram[[ChromeDriver: chrome on windows (44ef9945c10ce0bdad336f6520463b42)] -> id: product_attribute_2]
2024-06-25 20:06:79 INFO  BuildYourOwnComputerPage :63 - Select HDD
2024-06-25 20:06:148 INFO  BuildYourOwnComputerPage :68 - Select OS
2024-06-25 20:06:217 INFO  BuildYourOwnComputerPage :73 - Select Software
2024-06-25 20:06:347 INFO  BuildYourOwnComputerPage :52 - Clicking on add to cart button : [[ChromeDriver: chrome on windows (44ef9945c10ce0bdad336f6520463b42)] -> id: add-to-cart-button-1]
2024-06-25 20:06:623 INFO  BuildYourOwnComputerPage :57 - Get add to cart text[[ChromeDriver: chrome on windows (44ef9945c10ce0bdad336f6520463b42)] -> xpath: //body/div[@id='bar-notification']/div[1]/p[1]]
2024-06-25 20:06:211 INFO  HomePage :25 - Click on desktop[[ChromeDriver: chrome on windows (fff2a805c4eaac4fbe42f98c12187d7a)] -> xpath: //a[text()=' Desktops ']]
2024-06-25 20:06:118 INFO  HomePage :27 - Clicking on build your own computer link : [[ChromeDriver: chrome on windows (fff2a805c4eaac4fbe42f98c12187d7a)] -> link text: Build your own computer]
2024-06-25 20:06:208 INFO  BuildYourOwnComputerPage :41 - Select Processor[[ChromeDriver: chrome on windows (fff2a805c4eaac4fbe42f98c12187d7a)] -> id: product_attribute_1]
2024-06-25 20:06:335 INFO  BuildYourOwnComputerPage :47 - Select ram[[ChromeDriver: chrome on windows (fff2a805c4eaac4fbe42f98c12187d7a)] -> id: product_attribute_2]
2024-06-25 20:06:338 INFO  BuildYourOwnComputerPage :63 - Select HDD
2024-06-25 20:06:405 INFO  BuildYourOwnComputerPage :68 - Select OS
2024-06-25 20:06:469 INFO  BuildYourOwnComputerPage :73 - Select Software
2024-06-25 20:06:600 INFO  BuildYourOwnComputerPage :52 - Clicking on add to cart button : [[ChromeDriver: chrome on windows (fff2a805c4eaac4fbe42f98c12187d7a)] -> id: add-to-cart-button-1]
2024-06-25 20:06:863 INFO  BuildYourOwnComputerPage :57 - Get add to cart text[[ChromeDriver: chrome on windows (fff2a805c4eaac4fbe42f98c12187d7a)] -> xpath: //body/div[@id='bar-notification']/div[1]/p[1]]
2024-06-25 20:06:351 INFO  HomePage :35 - Clicking on login link : [[ChromeDriver: chrome on windows (011a93e157bb3d0cdaa63fb7f4004a83)] -> link text: Log in]
2024-06-25 20:06:389 INFO  LoginPage :43 - Getting text from : [[ChromeDriver: chrome on windows (011a93e157bb3d0cdaa63fb7f4004a83)] -> xpath: //h1[contains(text(),'Welcome, Please Sign In!')]]
2024-06-25 20:06:462 INFO  HomePage :35 - Clicking on login link : [[ChromeDriver: chrome on windows (7f232b4cc3efe0cc81816833ac5a3dad)] -> link text: Log in]
2024-06-25 20:06:597 INFO  LoginPage :49 - Enter EmailField : [[ChromeDriver: chrome on windows (7f232b4cc3efe0cc81816833ac5a3dad)] -> id: Email]
2024-06-25 20:06:690 INFO  LoginPage :54 - Enter PassWordField : [[ChromeDriver: chrome on windows (7f232b4cc3efe0cc81816833ac5a3dad)] -> name: Password]
2024-06-25 20:06:25 INFO  LoginPage :59 - Clicking on login link : [[ChromeDriver: chrome on windows (7f232b4cc3efe0cc81816833ac5a3dad)] -> xpath: //button[contains(text(),'Log in')]]
2024-06-25 20:06:47 INFO  LoginPage :63 - Getting error message from : [[ChromeDriver: chrome on windows (7f232b4cc3efe0cc81816833ac5a3dad)] -> xpath: //div[@class='message-error validation-summary-errors']]
2024-06-25 20:06:708 INFO  HomePage :35 - Clicking on login link : [[ChromeDriver: chrome on windows (c8fd3c048f6001f0b1da53c5ee6d9d79)] -> link text: Log in]
2024-06-25 20:06:856 INFO  LoginPage :49 - Enter EmailField : [[ChromeDriver: chrome on windows (c8fd3c048f6001f0b1da53c5ee6d9d79)] -> id: Email]
2024-06-25 20:06:962 INFO  LoginPage :54 - Enter PassWordField : [[ChromeDriver: chrome on windows (c8fd3c048f6001f0b1da53c5ee6d9d79)] -> name: Password]
2024-06-25 20:06:373 INFO  LoginPage :59 - Clicking on login link : [[ChromeDriver: chrome on windows (c8fd3c048f6001f0b1da53c5ee6d9d79)] -> xpath: //button[contains(text(),'Log in')]]
2024-06-25 20:06:395 INFO  LoginPage :63 - Getting error message from : [[ChromeDriver: chrome on windows (c8fd3c048f6001f0b1da53c5ee6d9d79)] -> xpath: //div[@class='message-error validation-summary-errors']]
2024-06-25 20:06:868 INFO  HomePage :35 - Clicking on login link : [[ChromeDriver: chrome on windows (a4ede79a0a5c6e4cc194cbfab26afdd4)] -> link text: Log in]
2024-06-25 20:06:12 INFO  LoginPage :49 - Enter EmailField : [[ChromeDriver: chrome on windows (a4ede79a0a5c6e4cc194cbfab26afdd4)] -> id: Email]
2024-06-25 20:06:112 INFO  LoginPage :54 - Enter PassWordField : [[ChromeDriver: chrome on windows (a4ede79a0a5c6e4cc194cbfab26afdd4)] -> name: Password]
2024-06-25 20:06:486 INFO  LoginPage :59 - Clicking on login link : [[ChromeDriver: chrome on windows (a4ede79a0a5c6e4cc194cbfab26afdd4)] -> xpath: //button[contains(text(),'Log in')]]
2024-06-25 20:06:508 INFO  LoginPage :63 - Getting error message from : [[ChromeDriver: chrome on windows (a4ede79a0a5c6e4cc194cbfab26afdd4)] -> xpath: //div[@class='message-error validation-summary-errors']]
2024-06-25 20:06:637 INFO  HomePage :35 - Clicking on login link : [[ChromeDriver: chrome on windows (f0e354e7da9cacf8f3d25428422f1488)] -> link text: Log in]
2024-06-25 20:06:773 INFO  LoginPage :49 - Enter EmailField : [[ChromeDriver: chrome on windows (f0e354e7da9cacf8f3d25428422f1488)] -> id: Email]
2024-06-25 20:06:880 INFO  LoginPage :54 - Enter PassWordField : [[ChromeDriver: chrome on windows (f0e354e7da9cacf8f3d25428422f1488)] -> name: Password]
2024-06-25 20:06:218 INFO  LoginPage :59 - Clicking on login link : [[ChromeDriver: chrome on windows (f0e354e7da9cacf8f3d25428422f1488)] -> xpath: //button[contains(text(),'Log in')]]
2024-06-25 20:06:512 INFO  LoginPage :69 - Getting text from : Proxy element for: DefaultElementLocator 'By.xpath: //a[normalize-space()='Log out']'
2024-06-25 20:06:216 INFO  HomePage :35 - Clicking on login link : [[ChromeDriver: chrome on windows (911b3a8216d1717aaf4f1bc63c92a40c)] -> link text: Log in]
2024-06-25 20:06:356 INFO  LoginPage :49 - Enter EmailField : [[ChromeDriver: chrome on windows (911b3a8216d1717aaf4f1bc63c92a40c)] -> id: Email]
2024-06-25 20:06:470 INFO  LoginPage :54 - Enter PassWordField : [[ChromeDriver: chrome on windows (911b3a8216d1717aaf4f1bc63c92a40c)] -> name: Password]
2024-06-25 20:06:838 INFO  LoginPage :59 - Clicking on login link : [[ChromeDriver: chrome on windows (911b3a8216d1717aaf4f1bc63c92a40c)] -> xpath: //button[contains(text(),'Log in')]]
2024-06-25 20:06:603 INFO  HomePage :40 - Clicking on register link : [[ChromeDriver: chrome on windows (d930708680458e3941f470281265b75d)] -> link text: Register]
2024-06-25 20:06:627 INFO  LoginPage :70 - Getting text from : [[ChromeDriver: chrome on windows (d930708680458e3941f470281265b75d)] -> xpath: //h1[normalize-space()='Register']]
2024-06-25 20:06:147 INFO  HomePage :40 - Clicking on register link : [[ChromeDriver: chrome on windows (c1f4a443d7af76806df5d10240aeee8a)] -> link text: Register]
2024-06-25 20:06:236 INFO  LoginPage :77 - Clicking on register button : [[ChromeDriver: chrome on windows (c1f4a443d7af76806df5d10240aeee8a)] -> id: register-button]
2024-06-25 20:06:254 INFO  LoginPage :88 - Getting text from : [[ChromeDriver: chrome on windows (c1f4a443d7af76806df5d10240aeee8a)] -> id: FirstName-error]
2024-06-25 20:06:287 INFO  LoginPage :93 - Getting text from : [[ChromeDriver: chrome on windows (c1f4a443d7af76806df5d10240aeee8a)] -> id: LastName-error]
2024-06-25 20:06:315 INFO  LoginPage :99 - Getting text from : [[ChromeDriver: chrome on windows (c1f4a443d7af76806df5d10240aeee8a)] -> id: Email-error]
2024-06-25 20:06:344 INFO  LoginPage :111 - Getting text from : [[ChromeDriver: chrome on windows (c1f4a443d7af76806df5d10240aeee8a)] -> id: ConfirmPassword-error]
2024-06-25 20:06:373 INFO  LoginPage :111 - Getting text from : [[ChromeDriver: chrome on windows (c1f4a443d7af76806df5d10240aeee8a)] -> id: ConfirmPassword-error]
2024-06-25 20:06:560 INFO  HomePage :40 - Clicking on register link : [[ChromeDriver: chrome on windows (bb52d6cd9a85a6ddb5d1a2b27307171b)] -> link text: Register]
2024-06-25 20:06:627 INFO  LoginPage :118 - Clicking on gender tab : [[ChromeDriver: chrome on windows (bb52d6cd9a85a6ddb5d1a2b27307171b)] -> id: gender]
2024-06-25 20:06:643 INFO  LoginPage :123 - Enter FirstName : [[ChromeDriver: chrome on windows (bb52d6cd9a85a6ddb5d1a2b27307171b)] -> id: FirstName]
2024-06-25 20:06:742 INFO  LoginPage :129 - Enter LastName : [[ChromeDriver: chrome on windows (bb52d6cd9a85a6ddb5d1a2b27307171b)] -> id: LastName]
2024-06-25 20:06:845 INFO  LoginPage :134 - Select date[[ChromeDriver: chrome on windows (bb52d6cd9a85a6ddb5d1a2b27307171b)] -> name: DateOfBirthDay]
2024-06-25 20:06:03 INFO  LoginPage :139 - Select month[[ChromeDriver: chrome on windows (bb52d6cd9a85a6ddb5d1a2b27307171b)] -> name: DateOfBirthMonth]
2024-06-25 20:06:149 INFO  LoginPage :144 - Select year[[ChromeDriver: chrome on windows (bb52d6cd9a85a6ddb5d1a2b27307171b)] -> name: DateOfBirthYear]
2024-06-25 20:06:385 INFO  LoginPage :150 - Enter EmailField : [[ChromeDriver: chrome on windows (bb52d6cd9a85a6ddb5d1a2b27307171b)] -> id: Email]
2024-06-25 20:06:481 INFO  LoginPage :156 - Enter PassWordField : [[ChromeDriver: chrome on windows (bb52d6cd9a85a6ddb5d1a2b27307171b)] -> id: Password]
2024-06-25 20:06:575 INFO  LoginPage :161 - Enter ConfirmPassWordField : [[ChromeDriver: chrome on windows (bb52d6cd9a85a6ddb5d1a2b27307171b)] -> id: ConfirmPassword]
2024-06-25 20:06:179 INFO  LoginPage :77 - Clicking on register button : [[ChromeDriver: chrome on windows (bb52d6cd9a85a6ddb5d1a2b27307171b)] -> id: register-button]
2024-06-25 20:06:199 INFO  LoginPage :165 - Get registration Message : [[ChromeDriver: chrome on windows (bb52d6cd9a85a6ddb5d1a2b27307171b)] -> xpath: //div[text()='Your registration completed']]
